<?xml version="1.0" encoding="UTF-8"?>
<!-- Generated by org.testng.reporters.JUnitXMLReporter -->
<testsuite ignored="0" hostname="ENGLON379907L" failures="1" tests="5" name="Test" time="3.123" errors="0" timestamp="2022-05-22T14:54:14 BST">
  <testcase classname="testCases.TC_ResReqAPI" name="getAllUsers" time="1.998"/>
  <testcase classname="testCases.TC_ResReqAPI" name="addUser" time="0.514"/>
  <testcase classname="testCases.TC_ResReqAPI" name="updateUser" time="0.199"/>
  <testcase classname="testCases.TC_ResReqAPI" name="patchUser" time="0.176">
    <failure type="java.lang.AssertionError" message="expected:&amp;lt;true&amp;gt; but was:&amp;lt;updatedAt&amp;gt;">
      <![CDATA[java.lang.AssertionError: expected:<true> but was:<updatedAt>
at org.junit.Assert.fail(Assert.java:93)
at org.junit.Assert.failNotEquals(Assert.java:647)
at org.junit.Assert.assertEquals(Assert.java:128)
at org.junit.Assert.assertEquals(Assert.java:147)
at testCases.TC_ResReqAPI.patchUser(TC_ResReqAPI.java:91)
at java.base/java.util.ArrayList.forEach(ArrayList.java:1511)
... Removed 31 stack frames]]>
    </failure>
  </testcase> <!-- patchUser -->
  <testcase classname="testCases.TC_ResReqAPI" name="deleteUser" time="0.168"/>
</testsuite> <!-- Test -->
