<?xml version="1.0" encoding="UTF-8"?>
<testsuite xmlns:xsi="http://www.w3.org/2001/XMLSchema-instance" xsi:noNamespaceSchemaLocation="https://maven.apache.org/surefire/maven-surefire-plugin/xsd/surefire-test-report.xsd" name="TestSuite" time="3.815" tests="5" errors="0" skipped="0" failures="1">
  <properties>
[...]
</properties>
  <testcase name="getAllUsers" classname="testCases.TC_ResReqAPI" time="2.004"/>
  <testcase name="addUser" classname="testCases.TC_ResReqAPI" time="0.516"/>
  <testcase name="updateUser" classname="testCases.TC_ResReqAPI" time="0.199"/>
  <testcase name="patchUser" classname="testCases.TC_ResReqAPI" time="0.178">
    <failure message="expected:&lt;true&gt; but was:&lt;updatedAt&gt;" type="java.lang.AssertionError"><![CDATA[java.lang.AssertionError: expected:<true> but was:<updatedAt>
	at testCases.TC_ResReqAPI.patchUser(TC_ResReqAPI.java:91)
]]></failure>
    <system-out><![CDATA[{
    "updatedAt": "2022-05-22T13:54:26.211Z"
}
{"updatedAt":"2022-05-22T13:54:26.211Z"}
]]></system-out>
  </testcase>
  <testcase name="deleteUser" classname="testCases.TC_ResReqAPI" time="0.173"/>
</testsuite>